RELEASE MODE
Initialized cluster with 5 nodes. Self ID: 4
kv_store_init: RocksDB initialized successfully at kv-store-4.bin
Establishing connections with other nodes...
Node 4 listening on 127.0.0.1:8004
Node 4 expects 4 incoming and will make 0 outgoing connections
Waiting for incoming connection 1 of 4...
Accepted connection from node 3
Waiting for incoming connection 2 of 4...
Accepted connection from node 2
Waiting for incoming connection 3 of 4...
Accepted connection from node 0
Waiting for incoming connection 4 of 4...
Accepted connection from node 1
Cluster initialization complete. Connected to 4 nodes.
[DEBUG - thread_2] Received append entries request from node [id=0]
[DEBUG - thread_2] Responded to appendEntries (send_to=node[0] success=1)
[DEBUG - thread_5] cmd_buffer->cmds_length = 23904
[DEBUG - thread_2] Received append entries request from node [id=0]
[DEBUG - thread_2] Responded to appendEntries (send_to=node[0] success=1)
[DEBUG - thread_5] cmd_buffer->cmds_length = 75600
[DEBUG - thread_2] Received append entries request from node [id=0]
[DEBUG - thread_2] Responded to appendEntries (send_to=node[0] success=1)
[DEBUG - thread_5] cmd_buffer->cmds_length = 66336
[DEBUG - thread_2] Received append entries request from node [id=0]
[DEBUG - thread_2] Responded to appendEntries (send_to=node[0] success=1)
[DEBUG - thread_5] cmd_buffer->cmds_length = 69408
[DEBUG - thread_2] Received append entries request from node [id=0]
[DEBUG - thread_2] Responded to appendEntries (send_to=node[0] success=1)
[DEBUG - thread_5] cmd_buffer->cmds_length = 73872
[DEBUG - thread_2] Received append entries request from node [id=0]
[DEBUG - thread_2] Responded to appendEntries (send_to=node[0] success=1)
[DEBUG - thread_5] cmd_buffer->cmds_length = 57312
[DEBUG - thread_2] Received append entries request from node [id=0]
[DEBUG - thread_2] Responded to appendEntries (send_to=node[0] success=1)
[DEBUG - thread_5] cmd_buffer->cmds_length = 63936
[DEBUG - thread_2] Received append entries request from node [id=0]
[DEBUG - thread_2] Responded to appendEntries (send_to=node[0] success=1)
[DEBUG - thread_5] cmd_buffer->cmds_length = 39072
[DEBUG - thread_2] Received append entries request from node [id=0]
[DEBUG - thread_2] Responded to appendEntries (send_to=node[0] success=1)
[DEBUG - thread_5] cmd_buffer->cmds_length = 68160
[DEBUG - thread_2] Received append entries request from node [id=0]
[DEBUG - thread_2] Responded to appendEntries (send_to=node[0] success=1)
[DEBUG - thread_5] cmd_buffer->cmds_length = 57024
[DEBUG - thread_2] Received append entries request from node [id=0]
[DEBUG - thread_2] Responded to appendEntries (send_to=node[0] success=1)
[DEBUG - thread_5] cmd_buffer->cmds_length = 58272
[DEBUG - thread_2] Received append entries request from node [id=0]
[DEBUG - thread_2] Responded to appendEntries (send_to=node[0] success=1)
[DEBUG - thread_5] cmd_buffer->cmds_length = 56064
[DEBUG - thread_2] Received append entries request from node [id=0]
[DEBUG - thread_2] Responded to appendEntries (send_to=node[0] success=1)
[DEBUG - thread_5] cmd_buffer->cmds_length = 14736
[DEBUG - thread_2] Received append entries request from node [id=0]
[DEBUG - thread_2] Responded to appendEntries (send_to=node[0] success=1)
[DEBUG - thread_5] cmd_buffer->cmds_length = 85536
[DEBUG - thread_2] Received append entries request from node [id=0]
[DEBUG - thread_2] Responded to appendEntries (send_to=node[0] success=1)
[DEBUG - thread_5] cmd_buffer->cmds_length = 62256
[DEBUG - thread_2] Received append entries request from node [id=0]
[DEBUG - thread_2] Responded to appendEntries (send_to=node[0] success=1)
[DEBUG - thread_5] cmd_buffer->cmds_length = 63504
[DEBUG - thread_2] Received append entries request from node [id=0]
[DEBUG - thread_2] Responded to appendEntries (send_to=node[0] success=1)
[DEBUG - thread_5] cmd_buffer->cmds_length = 12576
[DEBUG - thread_2] Received append entries request from node [id=0]
[DEBUG - thread_2] Responded to appendEntries (send_to=node[0] success=1)
[DEBUG - thread_5] cmd_buffer->cmds_length = 48
[DEBUG - thread_2] Received append entries request from node [id=0]
[DEBUG - thread_2] Responded to appendEntries (send_to=node[0] success=1)
[DEBUG - thread_5] cmd_buffer->cmds_length = 74640
[DEBUG - thread_2] Received append entries request from node [id=0]
[DEBUG - thread_2] Responded to appendEntries (send_to=node[0] success=1)
[DEBUG - thread_5] cmd_buffer->cmds_length = 60480
[DEBUG - thread_2] Received append entries request from node [id=0]
[DEBUG - thread_2] Responded to appendEntries (send_to=node[0] success=1)
[DEBUG - thread_5] cmd_buffer->cmds_length = 68592
[DEBUG - thread_2] Received append entries request from node [id=0]
[DEBUG - thread_2] Responded to appendEntries (send_to=node[0] success=1)
[DEBUG - thread_5] cmd_buffer->cmds_length = 33984
[DEBUG - thread_2] Received append entries request from node [id=0]
[DEBUG - thread_2] Responded to appendEntries (send_to=node[0] success=1)
[DEBUG - thread_5] cmd_buffer->cmds_length = 48
[DEBUG - thread_2] Received append entries request from node [id=0]
[DEBUG - thread_2] Responded to appendEntries (send_to=node[0] success=1)
[DEBUG - thread_5] cmd_buffer->cmds_length = 81792
[DEBUG - thread_2] Received append entries request from node [id=0]
[DEBUG - thread_2] Responded to appendEntries (send_to=node[0] success=1)
[DEBUG - thread_5] cmd_buffer->cmds_length = 53760
[DEBUG - thread_2] Received append entries request from node [id=0]
[DEBUG - thread_2] Responded to appendEntries (send_to=node[0] success=1)
[DEBUG - thread_5] cmd_buffer->cmds_length = 63888
[DEBUG - thread_2] Received append entries request from node [id=0]
[DEBUG - thread_2] Responded to appendEntries (send_to=node[0] success=1)
[DEBUG - thread_5] cmd_buffer->cmds_length = 40224
[DEBUG - thread_2] Received append entries request from node [id=0]
[DEBUG - thread_2] Responded to appendEntries (send_to=node[0] success=1)
[DEBUG - thread_5] cmd_buffer->cmds_length = 10656
[DEBUG - thread_2] Received append entries request from node [id=0]
[DEBUG - thread_2] Responded to appendEntries (send_to=node[0] success=1)
[DEBUG - thread_5] cmd_buffer->cmds_length = 79008
[DEBUG - thread_2] Received append entries request from node [id=0]
[DEBUG - thread_2] Responded to appendEntries (send_to=node[0] success=1)
[DEBUG - thread_5] cmd_buffer->cmds_length = 67296
[DEBUG - thread_2] Received append entries request from node [id=0]
[DEBUG - thread_2] Responded to appendEntries (send_to=node[0] success=1)
[DEBUG - thread_5] cmd_buffer->cmds_length = 60048
[DEBUG - thread_2] Received append entries request from node [id=0]
[DEBUG - thread_2] Responded to appendEntries (send_to=node[0] success=1)
[DEBUG - thread_5] cmd_buffer->cmds_length = 22608
[DEBUG - thread_2] Received append entries request from node [id=0]
[DEBUG - thread_2] Responded to appendEntries (send_to=node[0] success=1)
[DEBUG - thread_5] cmd_buffer->cmds_length = 25872
[DEBUG - thread_2] Received append entries request from node [id=0]
[DEBUG - thread_2] Responded to appendEntries (send_to=node[0] success=1)
[DEBUG - thread_5] cmd_buffer->cmds_length = 76848
[DEBUG - thread_2] Received append entries request from node [id=0]
[DEBUG - thread_2] Responded to appendEntries (send_to=node[0] success=1)
[DEBUG - thread_5] cmd_buffer->cmds_length = 60960
[DEBUG - thread_2] Received append entries request from node [id=0]
[DEBUG - thread_2] Responded to appendEntries (send_to=node[0] success=1)
[DEBUG - thread_5] cmd_buffer->cmds_length = 60816
[DEBUG - thread_2] Received append entries request from node [id=0]
[DEBUG - thread_2] Responded to appendEntries (send_to=node[0] success=1)
[DEBUG - thread_5] cmd_buffer->cmds_length = 11856
[DEBUG - thread_2] Received append entries request from node [id=0]
[DEBUG - thread_2] Responded to appendEntries (send_to=node[0] success=1)
[DEBUG - thread_5] cmd_buffer->cmds_length = 53856
[DEBUG - thread_2] Received append entries request from node [id=0]
[DEBUG - thread_2] Responded to appendEntries (send_to=node[0] success=1)
[DEBUG - thread_5] cmd_buffer->cmds_length = 67488
[DEBUG - thread_2] Received append entries request from node [id=0]
[DEBUG - thread_2] Responded to appendEntries (send_to=node[0] success=1)
[DEBUG - thread_5] cmd_buffer->cmds_length = 57312
[DEBUG - thread_2] Received append entries request from node [id=0]
[DEBUG - thread_2] Responded to appendEntries (send_to=node[0] success=1)
[DEBUG - thread_5] cmd_buffer->cmds_length = 62736
[DEBUG - thread_2] Received append entries request from node [id=0]
[DEBUG - thread_2] Responded to appendEntries (send_to=node[0] success=1)
[DEBUG - thread_5] cmd_buffer->cmds_length = 50256
[DEBUG - thread_2] Received append entries request from node [id=0]
[DEBUG - thread_2] Responded to appendEntries (send_to=node[0] success=1)
[DEBUG - thread_5] cmd_buffer->cmds_length = 59232
[DEBUG - thread_2] Received append entries request from node [id=0]
[DEBUG - thread_2] Responded to appendEntries (send_to=node[0] success=1)
[DEBUG - thread_5] cmd_buffer->cmds_length = 64128
[DEBUG - thread_2] Received append entries request from node [id=0]
[DEBUG - thread_2] Responded to appendEntries (send_to=node[0] success=1)
[DEBUG - thread_5] cmd_buffer->cmds_length = 63264
[DEBUG - thread_2] Received append entries request from node [id=0]
[DEBUG - thread_2] Responded to appendEntries (send_to=node[0] success=1)
[DEBUG - thread_5] cmd_buffer->cmds_length = 4176
[DEBUG - thread_2] Received append entries request from node [id=0]
[DEBUG - thread_2] Responded to appendEntries (send_to=node[0] success=1)
[DEBUG - thread_5] cmd_buffer->cmds_length = 10176
[DEBUG - thread_2] Received append entries request from node [id=0]
[DEBUG - thread_2] Responded to appendEntries (send_to=node[0] success=1)
[DEBUG - thread_5] cmd_buffer->cmds_length = 75744
[DEBUG - thread_2] Received append entries request from node [id=0]
[DEBUG - thread_2] Responded to appendEntries (send_to=node[0] success=1)
[DEBUG - thread_5] cmd_buffer->cmds_length = 64176
[DEBUG - thread_2] Received append entries request from node [id=0]
[DEBUG - thread_2] Responded to appendEntries (send_to=node[0] success=1)
[DEBUG - thread_5] cmd_buffer->cmds_length = 67104
[DEBUG - thread_2] Received append entries request from node [id=0]
[DEBUG - thread_2] Responded to appendEntries (send_to=node[0] success=1)
[DEBUG - thread_5] cmd_buffer->cmds_length = 18768
[DEBUG - thread_2] Received append entries request from node [id=0]
[DEBUG - thread_2] Responded to appendEntries (send_to=node[0] success=1)
[DEBUG - thread_5] cmd_buffer->cmds_length = 48
[DEBUG - thread_2] Received append entries request from node [id=0]
[DEBUG - thread_2] Responded to appendEntries (send_to=node[0] success=1)
[DEBUG - thread_5] cmd_buffer->cmds_length = 90192
[DEBUG - thread_2] Received append entries request from node [id=0]
[DEBUG - thread_2] Responded to appendEntries (send_to=node[0] success=1)
[DEBUG - thread_5] cmd_buffer->cmds_length = 59712
[DEBUG - thread_2] Received append entries request from node [id=0]
[DEBUG - thread_2] Responded to appendEntries (send_to=node[0] success=1)
[DEBUG - thread_5] cmd_buffer->cmds_length = 65712
[DEBUG - thread_2] Received append entries request from node [id=0]
[DEBUG - thread_2] Responded to appendEntries (send_to=node[0] success=1)
[DEBUG - thread_5] cmd_buffer->cmds_length = 26928
[DEBUG - thread_2] Received append entries request from node [id=0]
[DEBUG - thread_2] Responded to appendEntries (send_to=node[0] success=1)
[DEBUG - thread_5] cmd_buffer->cmds_length = 14160
[DEBUG - thread_2] Received append entries request from node [id=0]
[DEBUG - thread_2] Responded to appendEntries (send_to=node[0] success=1)
[DEBUG - thread_5] cmd_buffer->cmds_length = 77856
[DEBUG - thread_2] Received append entries request from node [id=0]
[DEBUG - thread_2] Responded to appendEntries (send_to=node[0] success=1)
[DEBUG - thread_5] cmd_buffer->cmds_length = 67008
[DEBUG - thread_2] Received append entries request from node [id=0]
[DEBUG - thread_2] Responded to appendEntries (send_to=node[0] success=1)
[DEBUG - thread_5] cmd_buffer->cmds_length = 62928
[DEBUG - thread_2] Received append entries request from node [id=0]
[DEBUG - thread_2] Responded to appendEntries (send_to=node[0] success=1)
[DEBUG - thread_5] cmd_buffer->cmds_length = 17712
[DEBUG - thread_2] Received append entries request from node [id=0]
[DEBUG - thread_2] Responded to appendEntries (send_to=node[0] success=1)
[DEBUG - thread_5] cmd_buffer->cmds_length = 41424
[DEBUG - thread_2] Received append entries request from node [id=0]
[DEBUG - thread_2] Responded to appendEntries (send_to=node[0] success=1)
[DEBUG - thread_5] cmd_buffer->cmds_length = 79728
[DEBUG - thread_2] Received append entries request from node [id=0]
[DEBUG - thread_2] Responded to appendEntries (send_to=node[0] success=1)
[DEBUG - thread_5] cmd_buffer->cmds_length = 58176
[DEBUG - thread_2] Received append entries request from node [id=0]
[DEBUG - thread_2] Responded to appendEntries (send_to=node[0] success=1)
[DEBUG - thread_5] cmd_buffer->cmds_length = 65232
[DEBUG - thread_2] Received append entries request from node [id=0]
[DEBUG - thread_2] Responded to appendEntries (send_to=node[0] success=1)
[DEBUG - thread_5] cmd_buffer->cmds_length = 8448
[DEBUG - thread_2] Received append entries request from node [id=0]
[DEBUG - thread_2] Responded to appendEntries (send_to=node[0] success=1)
[DEBUG - thread_5] cmd_buffer->cmds_length = 83952
[DEBUG - thread_2] Received append entries request from node [id=0]
[DEBUG - thread_2] Responded to appendEntries (send_to=node[0] success=1)
[DEBUG - thread_5] cmd_buffer->cmds_length = 46128
[DEBUG - thread_2] Received append entries request from node [id=0]
[DEBUG - thread_2] Responded to appendEntries (send_to=node[0] success=1)
[DEBUG - thread_5] cmd_buffer->cmds_length = 60912
[DEBUG - thread_2] Received append entries request from node [id=0]
[DEBUG - thread_2] Responded to appendEntries (send_to=node[0] success=1)
[DEBUG - thread_5] cmd_buffer->cmds_length = 42480
[DEBUG - thread_2] Received append entries request from node [id=0]
[DEBUG - thread_2] Responded to appendEntries (send_to=node[0] success=1)
[DEBUG - thread_5] cmd_buffer->cmds_length = 14688
[DEBUG - thread_2] Received append entries request from node [id=0]
[DEBUG - thread_2] Responded to appendEntries (send_to=node[0] success=1)
[DEBUG - thread_5] cmd_buffer->cmds_length = 69888
[DEBUG - thread_2] Received append entries request from node [id=0]
[DEBUG - thread_2] Responded to appendEntries (send_to=node[0] success=1)
[DEBUG - thread_5] cmd_buffer->cmds_length = 66048
[DEBUG - thread_2] Received append entries request from node [id=0]
[DEBUG - thread_2] Responded to appendEntries (send_to=node[0] success=1)
[DEBUG - thread_5] cmd_buffer->cmds_length = 60240
[DEBUG - thread_2] Received append entries request from node [id=0]
[DEBUG - thread_2] Responded to appendEntries (send_to=node[0] success=1)
[DEBUG - thread_5] cmd_buffer->cmds_length = 30384
[DEBUG - thread_2] Received append entries request from node [id=0]
[DEBUG - thread_2] Responded to appendEntries (send_to=node[0] success=1)
[DEBUG - thread_5] cmd_buffer->cmds_length = 59424
[DEBUG - thread_2] Received append entries request from node [id=0]
[DEBUG - thread_2] Responded to appendEntries (send_to=node[0] success=1)
[DEBUG - thread_5] cmd_buffer->cmds_length = 66240
[DEBUG - thread_2] Received append entries request from node [id=0]
[DEBUG - thread_2] Responded to appendEntries (send_to=node[0] success=1)
[DEBUG - thread_5] cmd_buffer->cmds_length = 66192
[DEBUG - thread_2] Received append entries request from node [id=0]
[DEBUG - thread_2] Responded to appendEntries (send_to=node[0] success=1)
[DEBUG - thread_5] cmd_buffer->cmds_length = 47040
[DEBUG - thread_2] Received append entries request from node [id=0]
[DEBUG - thread_2] Responded to appendEntries (send_to=node[0] success=1)
[DEBUG - thread_5] cmd_buffer->cmds_length = 18576
[DEBUG - thread_2] Received append entries request from node [id=0]
[DEBUG - thread_2] Responded to appendEntries (send_to=node[0] success=1)
[DEBUG - thread_5] cmd_buffer->cmds_length = 80112
[DEBUG - thread_2] Received append entries request from node [id=0]
[DEBUG - thread_2] Responded to appendEntries (send_to=node[0] success=1)
[DEBUG - thread_5] cmd_buffer->cmds_length = 57120
[DEBUG - thread_2] Received append entries request from node [id=0]
[DEBUG - thread_2] Responded to appendEntries (send_to=node[0] success=1)
[DEBUG - thread_5] cmd_buffer->cmds_length = 51744
[DEBUG - thread_2] Received append entries request from node [id=0]
[DEBUG - thread_2] Responded to appendEntries (send_to=node[0] success=1)
[DEBUG - thread_5] cmd_buffer->cmds_length = 32976
[DEBUG - thread_2] Received append entries request from node [id=0]
[DEBUG - thread_2] Responded to appendEntries (send_to=node[0] success=1)
[DEBUG - thread_5] cmd_buffer->cmds_length = 4800
[DEBUG - thread_2] Received append entries request from node [id=0]
[DEBUG - thread_2] Responded to appendEntries (send_to=node[0] success=1)
[DEBUG - thread_5] cmd_buffer->cmds_length = 81840
[DEBUG - thread_2] Received append entries request from node [id=0]
[DEBUG - thread_2] Responded to appendEntries (send_to=node[0] success=1)
[DEBUG - thread_5] cmd_buffer->cmds_length = 65040
[DEBUG - thread_2] Received append entries request from node [id=0]
[DEBUG - thread_2] Responded to appendEntries (send_to=node[0] success=1)
[DEBUG - thread_5] cmd_buffer->cmds_length = 64368
[DEBUG - thread_2] Received append entries request from node [id=0]
[DEBUG - thread_2] Responded to appendEntries (send_to=node[0] success=1)
[DEBUG - thread_5] cmd_buffer->cmds_length = 24576
